e:\users\missi\downloads\raytracing\demofreeimage\demofreeimage\demofreeimage\debug\vc142.pdb
e:\users\missi\downloads\raytracing\demofreeimage\demofreeimage\demofreeimage\debug\vc142.idb
e:\users\missi\downloads\raytracing\demofreeimage\demofreeimage\demofreeimage\debug\vecteur3d.obj
e:\users\missi\downloads\raytracing\demofreeimage\demofreeimage\demofreeimage\debug\transform.obj
e:\users\missi\downloads\raytracing\demofreeimage\demofreeimage\demofreeimage\debug\sphere.obj
e:\users\missi\downloads\raytracing\demofreeimage\demofreeimage\demofreeimage\debug\scene.obj
e:\users\missi\downloads\raytracing\demofreeimage\demofreeimage\demofreeimage\debug\objetgenerique.obj
e:\users\missi\downloads\raytracing\demofreeimage\demofreeimage\demofreeimage\debug\camera.obj
e:\users\missi\downloads\raytracing\demofreeimage\demofreeimage\demofreeimage\debug\test.obj
e:\users\missi\downloads\raytracing\demofreeimage\demofreeimage\demofreeimage\debug\main.obj
e:\users\missi\downloads\raytracing\demofreeimage\demofreeimage\bin\demofreeimage_d.pdb
e:\users\missi\downloads\raytracing\demofreeimage\demofreeimage\demofreeimage\debug\demofreeimage.tlog\cl.command.1.tlog
e:\users\missi\downloads\raytracing\demofreeimage\demofreeimage\demofreeimage\debug\demofreeimage.tlog\cl.read.1.tlog
e:\users\missi\downloads\raytracing\demofreeimage\demofreeimage\demofreeimage\debug\demofreeimage.tlog\cl.write.1.tlog
e:\users\missi\downloads\raytracing\demofreeimage\demofreeimage\demofreeimage\debug\demofreeimage.tlog\link-cvtres.read.1.tlog
e:\users\missi\downloads\raytracing\demofreeimage\demofreeimage\demofreeimage\debug\demofreeimage.tlog\link-cvtres.write.1.tlog
e:\users\missi\downloads\raytracing\demofreeimage\demofreeimage\demofreeimage\debug\demofreeimage.tlog\link-rc.read.1.tlog
e:\users\missi\downloads\raytracing\demofreeimage\demofreeimage\demofreeimage\debug\demofreeimage.tlog\link-rc.write.1.tlog
e:\users\missi\downloads\raytracing\demofreeimage\demofreeimage\demofreeimage\debug\demofreeimage.tlog\link.16904-cvtres.read.1.tlog
e:\users\missi\downloads\raytracing\demofreeimage\demofreeimage\demofreeimage\debug\demofreeimage.tlog\link.16904-cvtres.write.1.tlog
e:\users\missi\downloads\raytracing\demofreeimage\demofreeimage\demofreeimage\debug\demofreeimage.tlog\link.16904-rc.read.1.tlog
e:\users\missi\downloads\raytracing\demofreeimage\demofreeimage\demofreeimage\debug\demofreeimage.tlog\link.16904-rc.write.1.tlog
e:\users\missi\downloads\raytracing\demofreeimage\demofreeimage\demofreeimage\debug\demofreeimage.tlog\link.16904.read.1.tlog
e:\users\missi\downloads\raytracing\demofreeimage\demofreeimage\demofreeimage\debug\demofreeimage.tlog\link.16904.write.1.tlog
e:\users\missi\downloads\raytracing\demofreeimage\demofreeimage\demofreeimage\debug\demofreeimage.tlog\link.command.1.tlog
e:\users\missi\downloads\raytracing\demofreeimage\demofreeimage\demofreeimage\debug\demofreeimage.tlog\link.read.1.tlog
e:\users\missi\downloads\raytracing\demofreeimage\demofreeimage\demofreeimage\debug\demofreeimage.tlog\link.write.1.tlog
